<?xml version="1.0" encoding="UTF-8"?>
<!-- Generated by org.testng.reporters.JUnitReportReporter -->
<testsuite hostname="LAPTOP-VPD2VMP9" failures="0" tests="3" name="com.qa.gorest.tests.CreateUserTest" time="4.214" errors="0" timestamp="2024-05-25T16:35:17 IST" skipped="0">
  <testcase classname="com.qa.gorest.tests.CreateUserTest" name="createUser" time="0.775"/>
  <system-out/>
  <testcase classname="com.qa.gorest.tests.CreateUserTest" name="createUser" time="0.763"/>
  <system-out/>
  <testcase classname="com.qa.gorest.tests.CreateUserTest" name="createUser" time="2.676"/>
  <system-out/>
</testsuite> <!-- com.qa.gorest.tests.CreateUserTest -->
