<?xml version="1.0" encoding="UTF-8"?>
<!-- Generated by org.testng.reporters.JUnitReportReporter -->
<testsuite hostname="LAPTOP-VPD2VMP9" failures="0" tests="3" name="com.qa.gorest.tests.GetUserTest" time="2.827" errors="0" timestamp="2024-05-24T23:47:11 IST" skipped="0">
  <testcase classname="com.qa.gorest.tests.GetUserTest" name="getUserQueryParamsTest" time="1.433"/>
  <system-out/>
  <testcase classname="com.qa.gorest.tests.GetUserTest" name="getUserTest" time="0.888"/>
  <system-out/>
  <testcase classname="com.qa.gorest.tests.GetUserTest" name="getAllUsersTest" time="0.506"/>
  <system-out/>
</testsuite> <!-- com.qa.gorest.tests.GetUserTest -->
