<?xml version="1.0" encoding="UTF-8"?>
<!-- Generated by org.testng.reporters.JUnitReportReporter -->
<testsuite hostname="LAPTOP-VPD2VMP9" failures="0" tests="2" name="com.qa.gorest.tests.SchemaValidation" time="2.713" errors="0" timestamp="2024-05-23T12:04:38 IST" skipped="0">
  <testcase classname="com.qa.gorest.tests.SchemaValidation" name="getUserSchemaTest" time="0.616"/>
  <system-out/>
  <testcase classname="com.qa.gorest.tests.SchemaValidation" name="createUserSchemaTest" time="2.097"/>
  <system-out/>
</testsuite> <!-- com.qa.gorest.tests.SchemaValidation -->
