<?xml version="1.0" encoding="UTF-8"?>
<!-- Generated by org.testng.reporters.JUnitReportReporter -->
<testsuite hostname="LAPTOP-VPD2VMP9" failures="0" tests="1" name="com.qa.gorest.tests.FakeStore" time="2.512" errors="0" timestamp="2024-05-15T23:14:15 IST" skipped="0">
  <testcase classname="com.qa.gorest.tests.FakeStore" name="getAllUsersTest" time="2.512"/>
  <system-out/>
</testsuite> <!-- com.qa.gorest.tests.FakeStore -->
