<?xml version="1.0" encoding="UTF-8"?>
<!-- Generated by org.testng.reporters.JUnitReportReporter -->
<testsuite hostname="LAPTOP-VPD2VMP9" failures="0" tests="1" name="com.qa.gorest.tests.ReqRes" time="0.140" errors="0" timestamp="2024-05-15T22:30:58 IST" skipped="0">
  <testcase classname="com.qa.gorest.tests.ReqRes" name="getAllUsersTest" time="0.140"/>
  <system-out/>
</testsuite> <!-- com.qa.gorest.tests.ReqRes -->
